<?xml version="1.0" encoding="UTF-8"?>
<!-- Generated by org.testng.reporters.JUnitReportReporter -->
<testsuite skipped="0" hostname="GCTHW5H2E" name="org.ge.app.mobile_automation.AppTest" tests="1" failures="0" timestamp="16 Mar 2018 06:18:20 GMT" time="2.219" errors="0">
  <testcase name="toTest" time="2.219" classname="org.ge.app.mobile_automation.AppTest"/>
</testsuite> <!-- org.ge.app.mobile_automation.AppTest -->
